<?xml version="1.0" encoding="UTF-8"?>
<!-- Generated by org.testng.reporters.JUnitXMLReporter -->
<testsuite hostname="LAPTOP-MO78ICT9" name="Test-Runner-1" tests="5" failures="0" timestamp="1 Feb 2021 17:05:51 GMT" time="72.795" errors="0">
  <testcase name="seach_Product_By_CommissionRate" time="10.597" classname="com.crm.autodesk.producttest.CreateProduct4"/>
  <testcase name="seach_Product_By_PartNumber" time="9.738" classname="com.crm.autodesk.producttest.CreateProduct4"/>
  <testcase name="seach_Product_By_ProductName" time="8.811" classname="com.crm.autodesk.producttest.CreateProduct4"/>
  <testcase name="seach_Product_By_ProductNo" time="9.441" classname="com.crm.autodesk.producttest.CreateProduct4"/>
  <testcase name="seach_Product_By_QtyInStock" time="9.224" classname="com.crm.autodesk.producttest.CreateProduct4"/>
</testsuite> <!-- Test-Runner-1 -->
