<?xml version="1.0" encoding="UTF-8"?>
<!-- Generated by org.testng.reporters.JUnitReportReporter -->
<testsuite hostname="LAPTOP-MO78ICT9" name="com.crm.autodesk.producttest.CreateProduct3" tests="1" failures="0" timestamp="31 Jan 2021 18:23:58 GMT" time="13.462" errors="0">
  <testcase name="seach_Product_By_PartNumber" time="13.462" classname="com.crm.autodesk.producttest.CreateProduct3"/>
</testsuite> <!-- com.crm.autodesk.producttest.CreateProduct3 -->
