<?xml version="1.0" encoding="UTF-8"?>
<!-- Generated by org.testng.reporters.JUnitReportReporter -->
<testsuite hostname="LAPTOP-MO78ICT9" name="com.crm.autodesk.producttest.CreateProduct4" tests="5" failures="0" timestamp="4 Feb 2021 13:27:58 GMT" time="141.290" errors="0">
  <testcase name="seach_Product_By_CommissionRate" time="39.755" classname="com.crm.autodesk.producttest.CreateProduct4"/>
  <testcase name="seach_Product_By_PartNumber" time="23.569" classname="com.crm.autodesk.producttest.CreateProduct4"/>
  <testcase name="seach_Product_By_ProductNo" time="23.031" classname="com.crm.autodesk.producttest.CreateProduct4"/>
  <testcase name="seach_Product_By_QtyInStock" time="21.125" classname="com.crm.autodesk.producttest.CreateProduct4"/>
  <testcase name="seach_Product_By_ProductName" time="33.810" classname="com.crm.autodesk.producttest.CreateProduct4"/>
</testsuite> <!-- com.crm.autodesk.producttest.CreateProduct4 -->
