<?xml version="1.0" encoding="UTF-8"?>
<!-- Generated by org.testng.reporters.JUnitReportReporter -->
<testsuite hostname="LAPTOP-MO78ICT9" name="com.crm.autodesk.contacttest.CreateContact" tests="1" failures="0" timestamp="29 Jan 2021 07:47:09 GMT" time="57.866" errors="0">
  <testcase name="createContactWitORgTest" time="57.866" classname="com.crm.autodesk.contacttest.CreateContact"/>
</testsuite> <!-- com.crm.autodesk.contacttest.CreateContact -->
