<?xml version="1.0" encoding="UTF-8"?>
<!-- Generated by org.testng.reporters.JUnitReportReporter -->
<testsuite hostname="LAPTOP-MO78ICT9" name="com.crm.autodesk.producttest.CreateProduct1" tests="1" failures="0" timestamp="1 Feb 2021 16:14:23 GMT" time="20.516" errors="0">
  <testcase name="seach_Product_By_ProductName" time="20.516" classname="com.crm.autodesk.producttest.CreateProduct1"/>
</testsuite> <!-- com.crm.autodesk.producttest.CreateProduct1 -->
