<?xml version="1.0" encoding="UTF-8"?>
<!-- Generated by org.testng.reporters.JUnitReportReporter -->
<testsuite hostname="LAPTOP-MO78ICT9" name="com.pratice.ProductPractice" tests="1" failures="0" timestamp="29 Jan 2021 18:59:00 GMT" time="9.591" errors="0">
  <testcase name="selectProduct" time="9.591" classname="com.pratice.ProductPractice"/>
</testsuite> <!-- com.pratice.ProductPractice -->
